<?xml version="1.0" encoding="UTF-8"?>
<!-- Generated by org.testng.reporters.JUnitReportReporter -->
<testsuite hostname="SAURABH" name="DEMODEMO.Demo2Test" tests="2" failures="0" timestamp="21 Mar 2019 12:40:31 GMT" time="0.001" errors="0">
  <testcase name="printAppium" time="0.000" classname="DEMODEMO.Demo2Test"/>
  <testcase name="printIOS" time="0.001" classname="DEMODEMO.Demo2Test"/>
</testsuite> <!-- DEMODEMO.Demo2Test -->
