<?xml version="1.0" encoding="UTF-8"?>
<!-- Generated by org.testng.reporters.JUnitReportReporter -->
<testsuite hostname="SAURABH" name="DEMODEMO.AppTest" tests="1" failures="0" timestamp="21 Mar 2019 12:40:32 GMT" time="0.002" errors="0">
  <testcase name="testApp" time="0.002" classname="DEMODEMO.AppTest"/>
</testsuite> <!-- DEMODEMO.AppTest -->
